<?xml version="1.0" encoding="UTF-8"?>
<testng-results skipped="0" failed="0" ignored="0" total="1" passed="1">
  <reporter-output>
  </reporter-output>
  <suite name="Default suite" duration-ms="136152" started-at="2018-01-25T08:01:52Z" finished-at="2018-01-25T08:04:08Z">
    <groups>
    </groups>
    <test name="Default test" duration-ms="136152" started-at="2018-01-25T08:01:52Z" finished-at="2018-01-25T08:04:08Z">
      <class name="com.javascript.demos.demo1">
        <test-method status="PASS" signature="demo1()[pri:0, instance:com.javascript.demos.demo1@68be2bc2]" name="demo1" duration-ms="136127" started-at="2018-01-25T13:31:52Z" finished-at="2018-01-25T13:34:08Z">
          <reporter-output>
          </reporter-output>
        </test-method> <!-- demo1 -->
      </class> <!-- com.javascript.demos.demo1 -->
    </test> <!-- Default test -->
  </suite> <!-- Default suite -->
</testng-results>
